<?xml version="1.0" encoding="UTF-8"?>
<testsuite xmlns:xsi="http://www.w3.org/2001/XMLSchema-instance" xsi:schemaLocation="https://maven.apache.org/surefire/maven-surefire-plugin/xsd/surefire-test-report.xsd" name="com.javasampleapproach.rabbitmq.SpringRabbitMqConsumerApplicationTests" time="12.792" tests="2" errors="0" skipped="0" failures="0">
  <properties>
[...]
</properties>
  <testcase name="testGet" classname="com.javasampleapproach.rabbitmq.SpringRabbitMqConsumerApplicationTests" time="0.406"/>
  <testcase name="contextLoads" classname="com.javasampleapproach.rabbitmq.SpringRabbitMqConsumerApplicationTests" time="0"/>
</testsuite>